time="2022-08-13T19:35:28+03:00" level=info msg="Set URL for parser" func="main.main()" file="main.go:13"
time="2022-08-13T21:21:49+03:00" level=info msg="Set URL for parser" func="main.main()" file="main.go:13"
time="2022-08-13T21:22:12+03:00" level=info msg="Set URL for parser" func="main.main()" file="main.go:13"
time="2022-08-13T21:23:41+03:00" level=info msg="Set URL for parser" func="main.main()" file="main.go:13"
time="2022-08-13T21:26:44+03:00" level=info msg="Set URL for parser" func="main.main()" file="main.go:13"
time="2022-08-13T21:40:16+03:00" level=info msg="Set URL for parser" func="main.main()" file="main.go:13"
time="2022-08-14T11:34:15+03:00" level=info msg="Set URL for parser" func="main.main()" file="main.go:13"
time="2022-08-15T19:18:58+03:00" level=info msg="Set URL for parser" func="main.main()" file="main.go:13"
time="2022-08-15T19:18:58+03:00" level=info msg="Find and visit all links" func="Projects/WordAnalytics/parser.Parse()" file="parser.go:20"
time="2022-08-15T19:19:01+03:00" level=info msg="Formatting text" func="Projects/WordAnalytics/counter.Count()" file="counter.go:19"
time="2022-08-15T19:19:01+03:00" level=info msg="Checking result" func="Projects/WordAnalytics/counter.Count()" file="counter.go:24"
time="2022-08-15T19:19:01+03:00" level=info msg="Result out" func="Projects/WordAnalytics/counter.Count()" file="counter.go:36"
time="2022-08-21T12:25:13+03:00" level=info msg="Set URL for parser" func="main.main()" file="main.go:13"
time="2022-08-21T12:25:13+03:00" level=info msg="Find and visit all links" func="Projects/WordAnalytics/parser.Parse()" file="parser.go:20"
time="2022-08-21T12:25:16+03:00" level=info msg="Formatting text" func="Projects/WordAnalytics/counter.Count()" file="counter.go:19"
time="2022-08-21T12:25:16+03:00" level=info msg="Checking result" func="Projects/WordAnalytics/counter.Count()" file="counter.go:24"
time="2022-08-21T12:25:16+03:00" level=info msg="Result out" func="Projects/WordAnalytics/counter.Count()" file="counter.go:36"
time="2022-08-21T12:27:26+03:00" level=info msg="Set URL for parser" func="main.main()" file="main.go:14"
time="2022-08-21T12:27:26+03:00" level=info msg="Find and visit all links" func="Projects/WordAnalytics/parser.Parse()" file="parser.go:20"
time="2022-08-21T12:27:29+03:00" level=info msg="Formatting text" func="Projects/WordAnalytics/counter.Count()" file="counter.go:19"
time="2022-08-21T12:27:29+03:00" level=info msg="Checking result" func="Projects/WordAnalytics/counter.Count()" file="counter.go:24"
time="2022-08-21T12:27:29+03:00" level=info msg="Result out" func="Projects/WordAnalytics/counter.Count()" file="counter.go:36"
time="2022-08-21T16:30:38+03:00" level=info msg="Set URL for parser" func="main.main()" file="main.go:14"
time="2022-08-21T16:30:38+03:00" level=info msg="Find and visit all links" func="Projects/WordAnalytics/parser.Parse()" file="parser.go:20"
time="2022-08-21T16:30:48+03:00" level=info msg="Formatting text" func="Projects/WordAnalytics/counter.Count()" file="counter.go:19"
time="2022-08-21T16:30:48+03:00" level=info msg="Checking result" func="Projects/WordAnalytics/counter.Count()" file="counter.go:24"
time="2022-08-21T16:30:48+03:00" level=info msg="Result out" func="Projects/WordAnalytics/counter.Count()" file="counter.go:36"
time="2022-08-21T18:38:47+03:00" level=info msg="Set URL for parser" func="main.main()" file="main.go:14"
time="2022-08-21T18:38:47+03:00" level=info msg="Find and visit all links" func="Projects/WordAnalytics/parser.Parse()" file="parser.go:20"
time="2022-08-21T18:38:48+03:00" level=info msg="Formatting text" func="Projects/WordAnalytics/counter.Count()" file="counter.go:19"
time="2022-08-21T18:38:48+03:00" level=info msg="Checking result" func="Projects/WordAnalytics/counter.Count()" file="counter.go:24"
time="2022-08-21T18:38:48+03:00" level=info msg="Result out" func="Projects/WordAnalytics/counter.Count()" file="counter.go:36"
time="2022-08-21T19:09:53+03:00" level=info msg="Set URL for parser" func="main.main()" file="main.go:14"
time="2022-08-21T19:09:53+03:00" level=info msg="Find and visit all links" func="Projects/WordAnalytics/parser.Parse()" file="parser.go:20"
time="2022-08-21T19:09:54+03:00" level=info msg="Formatting text" func="Projects/WordAnalytics/counter.Count()" file="counter.go:19"
time="2022-08-21T19:09:54+03:00" level=info msg="Checking result" func="Projects/WordAnalytics/counter.Count()" file="counter.go:24"
time="2022-08-21T19:09:54+03:00" level=info msg="Result out" func="Projects/WordAnalytics/counter.Count()" file="counter.go:36"
time="2022-08-22T11:07:11+03:00" level=info msg="Set URL for parser" func="main.main()" file="main.go:14"
time="2022-08-22T11:07:11+03:00" level=info msg="Find and visit all links" func="Projects/WordAnalytics/parser.Parse()" file="parser.go:20"
time="2022-08-22T11:07:12+03:00" level=info msg="Formatting text" func="Projects/WordAnalytics/counter.Count()" file="counter.go:19"
time="2022-08-22T11:07:12+03:00" level=info msg="Checking result" func="Projects/WordAnalytics/counter.Count()" file="counter.go:24"
time="2022-08-22T11:07:12+03:00" level=info msg="Result out" func="Projects/WordAnalytics/counter.Count()" file="counter.go:36"
time="2022-08-22T11:07:33+03:00" level=info msg="Set URL for parser" func="main.main()" file="main.go:14"
time="2022-08-22T11:07:33+03:00" level=info msg="Find and visit all links" func="Projects/WordAnalytics/parser.Parse()" file="parser.go:20"
time="2022-08-22T11:07:34+03:00" level=info msg="Formatting text" func="Projects/WordAnalytics/counter.Count()" file="counter.go:19"
time="2022-08-22T11:07:34+03:00" level=info msg="Checking result" func="Projects/WordAnalytics/counter.Count()" file="counter.go:24"
time="2022-08-22T11:07:34+03:00" level=info msg="Result out" func="Projects/WordAnalytics/counter.Count()" file="counter.go:36"
time="2022-08-22T11:18:35+03:00" level=info msg="Set URL for parser" func="main.main()" file="main.go:14"
time="2022-08-22T11:18:35+03:00" level=info msg="Find and visit all links" func="Projects/WordAnalytics/parser.Parse()" file="parser.go:20"
time="2022-08-22T11:18:36+03:00" level=info msg="Formatting text" func="Projects/WordAnalytics/counter.Count()" file="counter.go:19"
time="2022-08-22T11:18:36+03:00" level=info msg="Checking result" func="Projects/WordAnalytics/counter.Count()" file="counter.go:24"
time="2022-08-22T11:18:36+03:00" level=info msg="Result out" func="Projects/WordAnalytics/counter.Count()" file="counter.go:36"
time="2022-08-22T11:19:31+03:00" level=info msg="Set URL for parser" func="main.main()" file="main.go:14"
time="2022-08-22T11:19:31+03:00" level=info msg="Find and visit all links" func="Projects/WordAnalytics/parser.Parse()" file="parser.go:20"
time="2022-08-22T11:19:32+03:00" level=info msg="Formatting text" func="Projects/WordAnalytics/counter.Count()" file="counter.go:19"
time="2022-08-22T11:19:32+03:00" level=info msg="Checking result" func="Projects/WordAnalytics/counter.Count()" file="counter.go:24"
time="2022-08-22T11:19:32+03:00" level=info msg="Result out" func="Projects/WordAnalytics/counter.Count()" file="counter.go:36"
time="2022-08-22T11:43:22+03:00" level=info msg="Set URL for parser" func="main.main()" file="main.go:14"
time="2022-08-22T11:43:22+03:00" level=info msg="Find and visit all links" func="Projects/WordAnalytics/parser.Parse()" file="parser.go:20"
time="2022-08-22T11:43:23+03:00" level=info msg="Formatting text" func="Projects/WordAnalytics/counter.Count()" file="counter.go:19"
time="2022-08-22T11:43:23+03:00" level=info msg="Checking result" func="Projects/WordAnalytics/counter.Count()" file="counter.go:24"
time="2022-08-22T11:43:23+03:00" level=info msg="Result out" func="Projects/WordAnalytics/counter.Count()" file="counter.go:36"
time="2022-08-22T11:43:48+03:00" level=info msg="Set URL for parser" func="main.main()" file="main.go:14"
time="2022-08-22T11:43:48+03:00" level=info msg="Find and visit all links" func="Projects/WordAnalytics/parser.Parse()" file="parser.go:20"
time="2022-08-22T11:43:49+03:00" level=info msg="Formatting text" func="Projects/WordAnalytics/counter.Count()" file="counter.go:19"
time="2022-08-22T11:43:49+03:00" level=info msg="Checking result" func="Projects/WordAnalytics/counter.Count()" file="counter.go:24"
time="2022-08-22T11:43:49+03:00" level=info msg="Result out" func="Projects/WordAnalytics/counter.Count()" file="counter.go:36"
time="2022-08-22T11:44:14+03:00" level=info msg="Set URL for parser" func="main.main()" file="main.go:14"
time="2022-08-22T11:44:14+03:00" level=info msg="Find and visit all links" func="Projects/WordAnalytics/parser.Parse()" file="parser.go:20"
time="2022-08-22T11:44:15+03:00" level=info msg="Formatting text" func="Projects/WordAnalytics/counter.Count()" file="counter.go:19"
time="2022-08-22T11:44:15+03:00" level=info msg="Checking result" func="Projects/WordAnalytics/counter.Count()" file="counter.go:24"
time="2022-08-22T11:44:15+03:00" level=info msg="Result out" func="Projects/WordAnalytics/counter.Count()" file="counter.go:36"
